<?xml version="1.0" encoding="utf-8"?><testsuites name="pytest tests"><testsuite name="pytest" errors="0" failures="0" skipped="0" tests="11" time="5.534" timestamp="2026-04-15T10:20:32.459645+00:00" hostname="agent-env-1ebe2344-3faa-40d4-9488-3b8c966c39ef"><testcase classname="backend.tests.test_reviews_gallery.TestReviewsAPI" name="test_get_reviews_public" time="0.455" /><testcase classname="backend.tests.test_reviews_gallery.TestReviewsAPI" name="test_get_reviews_stats_public" time="0.455" /><testcase classname="backend.tests.test_reviews_gallery.TestReviewsAPI" name="test_create_review_admin_only" time="0.494" /><testcase classname="backend.tests.test_reviews_gallery.TestReviewsAPI" name="test_create_review_unauthorized" time="0.459" /><testcase classname="backend.tests.test_reviews_gallery.TestReviewsAPI" name="test_update_review" time="0.598" /><testcase classname="backend.tests.test_reviews_gallery.TestReviewsAPI" name="test_delete_review" time="0.534" /><testcase classname="backend.tests.test_reviews_gallery.TestReviewsAPI" name="test_delete_review_not_found" time="0.408" /><testcase classname="backend.tests.test_reviews_gallery.TestGalleryAPI" name="test_get_gallery_public" time="0.434" /><testcase classname="backend.tests.test_reviews_gallery.TestGalleryAPI" name="test_delete_gallery_item" time="0.549" /><testcase classname="backend.tests.test_reviews_gallery.TestGalleryAPI" name="test_delete_gallery_unauthorized" time="0.573" /><testcase classname="backend.tests.test_reviews_gallery.TestCleanup" name="test_cleanup_test_reviews" time="0.510" /></testsuite></testsuites>