<?xml version="1.0" encoding="utf-8"?><testsuites name="pytest tests"><testsuite name="pytest" errors="0" failures="0" skipped="0" tests="15" time="3.852" timestamp="2026-04-17T00:12:28.933530+00:00" hostname="agent-env-1ebe2344-3faa-40d4-9488-3b8c966c39ef"><testcase classname="backend.tests.test_income_payments.TestAdminAuth" name="test_admin_login" time="0.495" /><testcase classname="backend.tests.test_income_payments.TestOrdersData" name="test_orders_count" time="0.505" /><testcase classname="backend.tests.test_income_payments.TestOrdersData" name="test_ksh01_varsha_payments" time="0.126" /><testcase classname="backend.tests.test_income_payments.TestOrdersData" name="test_ksh41_chethana_payments" time="0.132" /><testcase classname="backend.tests.test_income_payments.TestOrdersData" name="test_combined_orders_ksh21_ksh18" time="0.135" /><testcase classname="backend.tests.test_income_payments.TestOrdersData" name="test_combined_orders_ksh07_ksh08" time="0.170" /><testcase classname="backend.tests.test_income_payments.TestOrdersData" name="test_orders_with_balance" time="0.109" /><testcase classname="backend.tests.test_income_payments.TestPartnershipReport" name="test_partnership_report_loads" time="0.459" /><testcase classname="backend.tests.test_income_payments.TestPartnershipReport" name="test_kshana_account_totals" time="0.115" /><testcase classname="backend.tests.test_income_payments.TestPartnershipReport" name="test_kshana_upi_income_entries_count" time="0.128" /><testcase classname="backend.tests.test_income_payments.TestPartnershipReport" name="test_cash_income_entries_count" time="0.122" /><testcase classname="backend.tests.test_income_payments.TestFinancialSummary" name="test_financial_summary_loads" time="0.519" /><testcase classname="backend.tests.test_income_payments.TestFinancialSummary" name="test_income_payments_have_customer_names" time="0.120" /><testcase classname="backend.tests.test_income_payments.TestExportData" name="test_export_all_data" time="0.486" /><testcase classname="backend.tests.test_income_payments.TestExportData" name="test_partnership_entries_include_income" time="0.138" /></testsuite></testsuites>