<?xml version="1.0" encoding="utf-8"?><testsuites name="pytest tests"><testsuite name="pytest" errors="0" failures="0" skipped="0" tests="8" time="5.932" timestamp="2026-04-14T23:41:46.928406+00:00" hostname="agent-env-1ebe2344-3faa-40d4-9488-3b8c966c39ef"><testcase classname="backend.tests.test_order_features.TestOrderDeleteWithReason" name="test_delete_order_requires_reason" time="0.796" /><testcase classname="backend.tests.test_order_features.TestOrderDeleteWithReason" name="test_delete_existing_order_ksh_580" time="0.474" /><testcase classname="backend.tests.test_order_features.TestOrderImageUpload" name="test_image_upload_endpoint_exists" time="2.011" /><testcase classname="backend.tests.test_order_features.TestOrderImageUpload" name="test_front_neck_image_upload" time="0.660" /><testcase classname="backend.tests.test_order_features.TestOrderImageUpload" name="test_back_neck_image_upload" time="0.650" /><testcase classname="backend.tests.test_order_features.TestOrderImageUpload" name="test_get_order_images" time="0.391" /><testcase classname="backend.tests.test_order_features.TestOrdersListWithDeleteButton" name="test_orders_list_returns_data" time="0.381" /><testcase classname="backend.tests.test_order_features.TestOrdersListWithDeleteButton" name="test_delete_endpoint_exists" time="0.495" /></testsuite></testsuites>