<?xml version="1.0" encoding="utf-8"?><testsuites name="pytest tests"><testsuite name="pytest" errors="0" failures="0" skipped="0" tests="12" time="4.850" timestamp="2026-04-14T23:11:37.663851+00:00" hostname="agent-env-1ebe2344-3faa-40d4-9488-3b8c966c39ef"><testcase classname="backend.tests.test_boutique_features.TestAdminAuth" name="test_admin_login_success" time="0.367" /><testcase classname="backend.tests.test_boutique_features.TestAdminAuth" name="test_admin_login_invalid_password" time="0.410" /><testcase classname="backend.tests.test_boutique_features.TestOrdersWithMeasurements" name="test_get_orders_list" time="0.446" /><testcase classname="backend.tests.test_boutique_features.TestOrdersWithMeasurements" name="test_get_order_ksh636_has_measurements" time="0.436" /><testcase classname="backend.tests.test_boutique_features.TestOrdersWithMeasurements" name="test_create_order_with_order_level_measurements" time="0.629" /><testcase classname="backend.tests.test_boutique_features.TestWhatsAppEndpoint" name="test_whatsapp_message_status_update" time="0.451" /><testcase classname="backend.tests.test_boutique_features.TestWhatsAppEndpoint" name="test_whatsapp_message_order_created" time="0.472" /><testcase classname="backend.tests.test_boutique_features.TestWhatsAppEndpoint" name="test_whatsapp_message_payment_reminder" time="0.445" /><testcase classname="backend.tests.test_boutique_features.TestGalleryUpload" name="test_get_gallery" time="0.113" /><testcase classname="backend.tests.test_boutique_features.TestGalleryUpload" name="test_gallery_upload_endpoint_exists" time="0.458" /><testcase classname="backend.tests.test_boutique_features.TestGalleryUpload" name="test_gallery_upload_requires_auth" time="0.123" /><testcase classname="backend.tests.test_boutique_features.TestInvoiceData" name="test_order_data_for_invoice" time="0.431" /></testsuite></testsuites>